<?xml version="1.0" encoding="UTF-8"?>
<!-- Generated by org.testng.reporters.JUnitReportReporter -->
<testsuite hostname="61a63e39d6d0" failures="0" tests="2" name="runners.SmokeRunner" time="21.047" errors="0" timestamp="2024-11-23T05:03:04 GMT" skipped="0">
  <testcase classname="runners.SmokeRunner" name="runScenario" time="10.588"/>
  <testcase classname="runners.SmokeRunner" name="runScenario" time="10.459"/>
</testsuite> <!-- runners.SmokeRunner -->
