<?xml version="1.0" encoding="UTF-8"?>
<!-- Generated by org.testng.reporters.JUnitReportReporter -->
<testsuite hostname="61a63e39d6d0" failures="0" tests="2" name="runners.RegressionRunner" time="49.115" errors="0" timestamp="2024-11-23T05:03:04 GMT" skipped="0">
  <testcase classname="runners.RegressionRunner" name="runScenario" time="28.275"/>
  <testcase classname="runners.RegressionRunner" name="runScenario" time="20.840"/>
</testsuite> <!-- runners.RegressionRunner -->
