<?xml version="1.0" encoding="UTF-8"?>
<!-- Generated by org.testng.reporters.JUnitReportReporter -->
<testsuite hostname="MXLAGIL8079" failures="0" tests="2" name="runners.RegressionRunner" time="73.082" errors="0" timestamp="2024-11-21T22:04:34 MST" skipped="0">
  <testcase classname="runners.RegressionRunner" name="runScenario" time="19.220"/>
  <testcase classname="runners.RegressionRunner" name="runScenario" time="53.862"/>
</testsuite> <!-- runners.RegressionRunner -->
