<?xml version="1.0" encoding="UTF-8"?>
<!-- Generated by org.testng.reporters.JUnitReportReporter -->
<testsuite hostname="MXLAGIL8079" failures="0" tests="2" name="runners.SmokeRunner" time="10.389" errors="0" timestamp="2024-11-25T20:43:43 MST" skipped="0">
  <testcase classname="runners.SmokeRunner" name="runScenario" time="5.194"/>
  <testcase classname="runners.SmokeRunner" name="runScenario" time="5.195"/>
</testsuite> <!-- runners.SmokeRunner -->
