<?xml version="1.0" encoding="UTF-8"?>
<!-- Generated by org.testng.reporters.JUnitReportReporter -->
<testsuite hostname="MXLAGIL8079" failures="0" tests="2" name="runners.SmokeRunner" time="18.405" errors="0" timestamp="2024-11-21T19:46:58 MST" skipped="0">
  <testcase classname="runners.SmokeRunner" name="runScenario" time="8.830"/>
  <testcase classname="runners.SmokeRunner" name="runScenario" time="9.575"/>
</testsuite> <!-- runners.SmokeRunner -->
