<?xml version="1.0" encoding="UTF-8"?>
<!-- Generated by org.testng.reporters.JUnitReportReporter -->
<testsuite hostname="MXLAGIL8079" failures="0" tests="2" name="runners.SmokeRunner" time="18.081" errors="0" timestamp="2024-11-19T19:18:51 MST" skipped="0">
  <testcase classname="runners.SmokeRunner" name="runScenario" time="8.814"/>
  <testcase classname="runners.SmokeRunner" name="runScenario" time="9.267"/>
</testsuite> <!-- runners.SmokeRunner -->
