<?xml version="1.0" encoding="UTF-8"?>
<!-- Generated by org.testng.reporters.JUnitReportReporter -->
<testsuite hostname="MXLAGIL8079" failures="0" tests="2" name="runners.SmokeRunner" time="18.894" errors="0" timestamp="2024-11-21T22:04:34 MST" skipped="0">
  <testcase classname="runners.SmokeRunner" name="runScenario" time="8.267"/>
  <testcase classname="runners.SmokeRunner" name="runScenario" time="10.627"/>
</testsuite> <!-- runners.SmokeRunner -->
