<?xml version="1.0" encoding="UTF-8"?>
<!-- Generated by org.testng.reporters.JUnitReportReporter -->
<testsuite hostname="MXLAGIL8079" failures="0" tests="2" name="runners.RegressionRunner" time="56.208" errors="0" timestamp="2024-11-14T18:34:40 MST" skipped="0">
  <testcase classname="runners.RegressionRunner" name="runScenario" time="28.608"/>
  <testcase classname="runners.RegressionRunner" name="runScenario" time="27.600"/>
</testsuite> <!-- runners.RegressionRunner -->
