<?xml version="1.0" encoding="UTF-8"?>
<!-- Generated by org.testng.reporters.JUnitReportReporter -->
<testsuite hostname="MXLAGIL8079" failures="0" tests="2" name="runners.RegressionRunner" time="37.667" errors="0" timestamp="2024-11-25T20:43:43 MST" skipped="0">
  <testcase classname="runners.RegressionRunner" name="runScenario" time="17.850"/>
  <testcase classname="runners.RegressionRunner" name="runScenario" time="19.817"/>
</testsuite> <!-- runners.RegressionRunner -->
