<?xml version="1.0" encoding="UTF-8"?>
<!-- Generated by org.testng.reporters.JUnitReportReporter -->
<testsuite hostname="MXLAGIL8079" failures="0" tests="2" name="runners.RegressionRunner" time="46.788" errors="0" timestamp="2024-11-21T19:46:58 MST" skipped="0">
  <testcase classname="runners.RegressionRunner" name="runScenario" time="19.948"/>
  <testcase classname="runners.RegressionRunner" name="runScenario" time="26.840"/>
</testsuite> <!-- runners.RegressionRunner -->
