<?xml version="1.0" encoding="UTF-8"?>
<!-- Generated by org.testng.reporters.JUnitReportReporter -->
<testsuite hostname="MXLAGIL8079" failures="0" tests="2" name="runners.RegressionRunner" time="41.325" errors="0" timestamp="2024-11-19T19:18:51 MST" skipped="0">
  <testcase classname="runners.RegressionRunner" name="runScenario" time="20.219"/>
  <testcase classname="runners.RegressionRunner" name="runScenario" time="21.106"/>
</testsuite> <!-- runners.RegressionRunner -->
