<?xml version="1.0" encoding="UTF-8"?>
<!-- Generated by org.testng.reporters.JUnitReportReporter -->
<testsuite hostname="MXLAGIL8079" failures="0" tests="2" name="runners.SmokeRunner" time="29.065" errors="0" timestamp="2024-11-14T18:34:40 MST" skipped="0">
  <testcase classname="runners.SmokeRunner" name="runScenario" time="13.912"/>
  <testcase classname="runners.SmokeRunner" name="runScenario" time="15.153"/>
</testsuite> <!-- runners.SmokeRunner -->
