<?xml version="1.0" encoding="UTF-8"?>
<!-- Generated by org.testng.reporters.JUnitReportReporter -->
<testsuite hostname="MXLAGIL8079" failures="0" tests="2" name="runners.SmokeRunner" time="22.157" errors="0" timestamp="2024-11-19T18:52:36 MST" skipped="0">
  <testcase classname="runners.SmokeRunner" name="runScenario" time="11.445"/>
  <testcase classname="runners.SmokeRunner" name="runScenario" time="10.712"/>
</testsuite> <!-- runners.SmokeRunner -->
