<?xml version="1.0" encoding="UTF-8"?>
<!-- Generated by org.testng.reporters.JUnitReportReporter -->
<testsuite hostname="MXLAGIL8079" failures="0" tests="2" name="runners.RegressionRunner" time="56.904" errors="0" timestamp="2024-11-19T18:52:36 MST" skipped="0">
  <testcase classname="runners.RegressionRunner" name="runScenario" time="25.592"/>
  <testcase classname="runners.RegressionRunner" name="runScenario" time="31.312"/>
</testsuite> <!-- runners.RegressionRunner -->
